<?xml version="1.0" encoding="UTF-8" ?>
<testsuite tests="4" failures="0" name="stores.com.DroneAppTest" time="0.07" errors="0" skipped="0">
  <properties>
[...]
</properties>
  <testcase classname="stores.com.DroneAppTest" name="testOneOrderInTheMiddleOfOrdersNoExecuted" time="0.067"/>
  <testcase classname="stores.com.DroneAppTest" name="testOneOrder" time="0"/>
  <testcase classname="stores.com.DroneAppTest" name="testOneOrderInTheMiddleOfOrdersNoExecuted2" time="0.002"/>
  <testcase classname="stores.com.DroneAppTest" name="testOneOrderCamLastMinuteNoExecuted" time="0.001"/>
</testsuite>